<?xml version="1.0" encoding="UTF-8"?>
<robot generator="Robot 4.1.2 (Python 3.9.6 on win32)" generated="20211108 20:01:09.662" rpa="false" schemaversion="2">
<suite id="s1" name="testDemo5" source="C:\Users\rafal\PycharmProjects\RobotFramework\tests\testDemo5.robot">
<test id="s1-t1" name="Validate Cards display in the Shopping Page">
<kw name="open the browser with the Mortgage payment url" library="resource" type="SETUP">
<kw name="Create Webdriver" library="SeleniumLibrary">
<arg>Chrome</arg>
<arg>executable_path=c:\\selenium_drivers\\chromedriver.exe</arg>
<doc>Creates an instance of Selenium WebDriver.</doc>
<msg timestamp="20211108 20:01:10.048" level="INFO">Creating an instance of the Chrome WebDriver.</msg>
<status status="PASS" starttime="20211108 20:01:10.048" endtime="20211108 20:01:11.944"/>
</kw>
<kw name="Go To" library="SeleniumLibrary">
<arg>https://www.rahulshettyacademy.com/loginpagePractise/</arg>
<doc>Navigates the current browser window to the provided ``url``.</doc>
<msg timestamp="20211108 20:01:11.945" level="INFO">Opening url 'https://www.rahulshettyacademy.com/loginpagePractise/'</msg>
<status status="PASS" starttime="20211108 20:01:11.945" endtime="20211108 20:01:12.852"/>
</kw>
<status status="PASS" starttime="20211108 20:01:10.048" endtime="20211108 20:01:12.852"/>
</kw>
<kw name="Fill the login Form">
<arg>${user_name}</arg>
<arg>${valid_password}</arg>
<kw name="Input Text" library="SeleniumLibrary">
<arg>id:username</arg>
<arg>${username}</arg>
<doc>Types the given ``text`` into the text field identified by ``locator``.</doc>
<msg timestamp="20211108 20:01:12.855" level="INFO">Typing text 'rahulshettyacademy' into text field 'id:username'.</msg>
<status status="PASS" starttime="20211108 20:01:12.854" endtime="20211108 20:01:13.092"/>
</kw>
<kw name="Input Password" library="SeleniumLibrary">
<arg>id:password</arg>
<arg>${password}</arg>
<doc>Types the given password into the text field identified by ``locator``.</doc>
<msg timestamp="20211108 20:01:13.093" level="INFO">Typing password into text field 'id:password'.</msg>
<msg timestamp="20211108 20:01:13.170" level="INFO">Temporally setting log level to: NONE</msg>
<msg timestamp="20211108 20:01:13.239" level="INFO">Log level changed from NONE to INFO.</msg>
<status status="PASS" starttime="20211108 20:01:13.092" endtime="20211108 20:01:13.239"/>
</kw>
<kw name="Click Button" library="SeleniumLibrary">
<arg>signInBtn</arg>
<doc>Clicks the button identified by ``locator``.</doc>
<msg timestamp="20211108 20:01:13.239" level="INFO">Clicking button 'signInBtn'.</msg>
<status status="PASS" starttime="20211108 20:01:13.239" endtime="20211108 20:01:13.320"/>
</kw>
<status status="PASS" starttime="20211108 20:01:12.853" endtime="20211108 20:01:13.321"/>
</kw>
<kw name="wait until element is located in the page">
<arg>${Shop_page_load}</arg>
<kw name="Wait Until Element Is Visible" library="SeleniumLibrary">
<arg>${element}</arg>
<doc>Waits until the element ``locator`` is visible.</doc>
<status status="PASS" starttime="20211108 20:01:13.322" endtime="20211108 20:01:19.005"/>
</kw>
<status status="PASS" starttime="20211108 20:01:13.321" endtime="20211108 20:01:19.005"/>
</kw>
<kw name="Verify Card titles in the Shop page">
<kw name="Create List" library="BuiltIn">
<var>@{expectedList}</var>
<arg>iphone X</arg>
<arg>Samsung Note 8</arg>
<arg>Nokia Edge</arg>
<arg>Blackberry</arg>
<doc>Returns a list containing given items.</doc>
<msg timestamp="20211108 20:01:19.007" level="INFO">@{expectedList} = [ iphone X | Samsung Note 8 | Nokia Edge | Blackberry ]</msg>
<status status="PASS" starttime="20211108 20:01:19.006" endtime="20211108 20:01:19.007"/>
</kw>
<kw name="Get WebElements" library="SeleniumLibrary">
<var>${elements}</var>
<arg>css:.card-title</arg>
<doc>Returns a list of WebElement objects matching the ``locator``.</doc>
<msg timestamp="20211108 20:01:19.023" level="INFO">${elements} = [&lt;selenium.webdriver.remote.webelement.WebElement (session="0add5b157e97f508f11b29215ea79764", element="18ffd7b6-3bb5-413d-88ba-fbcc76fd962f")&gt;, &lt;selenium.webdriver.remote.webelement.WebElement (sessi...</msg>
<status status="PASS" starttime="20211108 20:01:19.007" endtime="20211108 20:01:19.024"/>
</kw>
<kw name="Create List" library="BuiltIn">
<var>@{actualList}</var>
<doc>Returns a list containing given items.</doc>
<msg timestamp="20211108 20:01:19.024" level="INFO">@{actualList} = [ ]</msg>
<status status="PASS" starttime="20211108 20:01:19.024" endtime="20211108 20:01:19.024"/>
</kw>
<for flavor="IN">
<var>${element}</var>
<value>@{elements}</value>
<iter>
<var name="${element}">&lt;selenium.webdriver.remote.webelement.WebElement (session="0add5b157e97f508f11b29215ea79764", element="18ffd7b6-3bb5-413d-88ba-fbcc76fd962f")&gt;</var>
<kw name="Log" library="BuiltIn">
<arg>${element.text}</arg>
<doc>Logs the given message with the given level.</doc>
<msg timestamp="20211108 20:01:19.036" level="INFO">iphone X</msg>
<status status="PASS" starttime="20211108 20:01:19.025" endtime="20211108 20:01:19.036"/>
</kw>
<kw name="Append To List" library="Collections">
<arg>${actualList}</arg>
<arg>${element.text}</arg>
<doc>Adds ``values`` to the end of ``list``.</doc>
<status status="PASS" starttime="20211108 20:01:19.036" endtime="20211108 20:01:19.052"/>
</kw>
<status status="PASS" starttime="20211108 20:01:19.025" endtime="20211108 20:01:19.052"/>
</iter>
<iter>
<var name="${element}">&lt;selenium.webdriver.remote.webelement.WebElement (session="0add5b157e97f508f11b29215ea79764", element="e1f73184-037b-478e-b091-1094201368c9")&gt;</var>
<kw name="Log" library="BuiltIn">
<arg>${element.text}</arg>
<doc>Logs the given message with the given level.</doc>
<msg timestamp="20211108 20:01:19.074" level="INFO">Samsung Note 8</msg>
<status status="PASS" starttime="20211108 20:01:19.052" endtime="20211108 20:01:19.074"/>
</kw>
<kw name="Append To List" library="Collections">
<arg>${actualList}</arg>
<arg>${element.text}</arg>
<doc>Adds ``values`` to the end of ``list``.</doc>
<status status="PASS" starttime="20211108 20:01:19.074" endtime="20211108 20:01:19.090"/>
</kw>
<status status="PASS" starttime="20211108 20:01:19.052" endtime="20211108 20:01:19.090"/>
</iter>
<iter>
<var name="${element}">&lt;selenium.webdriver.remote.webelement.WebElement (session="0add5b157e97f508f11b29215ea79764", element="41e8159e-5328-4e39-a6f7-0e6ef6eafbaf")&gt;</var>
<kw name="Log" library="BuiltIn">
<arg>${element.text}</arg>
<doc>Logs the given message with the given level.</doc>
<msg timestamp="20211108 20:01:19.121" level="INFO">Nokia Edge</msg>
<status status="PASS" starttime="20211108 20:01:19.090" endtime="20211108 20:01:19.121"/>
</kw>
<kw name="Append To List" library="Collections">
<arg>${actualList}</arg>
<arg>${element.text}</arg>
<doc>Adds ``values`` to the end of ``list``.</doc>
<status status="PASS" starttime="20211108 20:01:19.121" endtime="20211108 20:01:19.121"/>
</kw>
<status status="PASS" starttime="20211108 20:01:19.090" endtime="20211108 20:01:19.121"/>
</iter>
<iter>
<var name="${element}">&lt;selenium.webdriver.remote.webelement.WebElement (session="0add5b157e97f508f11b29215ea79764", element="059c3d54-d0c4-4acb-9666-78ba46ed33dd")&gt;</var>
<kw name="Log" library="BuiltIn">
<arg>${element.text}</arg>
<doc>Logs the given message with the given level.</doc>
<msg timestamp="20211108 20:01:19.152" level="INFO">Blackberry</msg>
<status status="PASS" starttime="20211108 20:01:19.137" endtime="20211108 20:01:19.152"/>
</kw>
<kw name="Append To List" library="Collections">
<arg>${actualList}</arg>
<arg>${element.text}</arg>
<doc>Adds ``values`` to the end of ``list``.</doc>
<status status="PASS" starttime="20211108 20:01:19.152" endtime="20211108 20:01:19.168"/>
</kw>
<status status="PASS" starttime="20211108 20:01:19.121" endtime="20211108 20:01:19.168"/>
</iter>
<status status="PASS" starttime="20211108 20:01:19.024" endtime="20211108 20:01:19.168"/>
</for>
<kw name="Lists Should Be Equal" library="Collections">
<arg>${expectedList}</arg>
<arg>${actualList}</arg>
<doc>Fails if given lists are unequal.</doc>
<status status="PASS" starttime="20211108 20:01:19.168" endtime="20211108 20:01:19.168"/>
</kw>
<status status="PASS" starttime="20211108 20:01:19.006" endtime="20211108 20:01:19.168"/>
</kw>
<kw name="hello World">
<msg timestamp="20211108 20:01:19.175" level="FAIL">No keyword with name 'hello World' found.</msg>
<status status="FAIL" starttime="20211108 20:01:19.175" endtime="20211108 20:01:19.175"/>
</kw>
<kw name="Select the Card">
<arg>Blackberry</arg>
<status status="NOT RUN" starttime="20211108 20:01:19.175" endtime="20211108 20:01:19.175"/>
</kw>
<status status="FAIL" starttime="20211108 20:01:10.048" endtime="20211108 20:01:19.175">No keyword with name 'hello World' found.</status>
</test>
<test id="s1-t2" name="Select the Form and navigate to Child window">
<kw name="open the browser with the Mortgage payment url" library="resource" type="SETUP">
<kw name="Create Webdriver" library="SeleniumLibrary">
<arg>Chrome</arg>
<arg>executable_path=c:\\selenium_drivers\\chromedriver.exe</arg>
<doc>Creates an instance of Selenium WebDriver.</doc>
<msg timestamp="20211108 20:01:19.175" level="INFO">Creating an instance of the Chrome WebDriver.</msg>
<status status="PASS" starttime="20211108 20:01:19.175" endtime="20211108 20:01:21.051"/>
</kw>
<kw name="Go To" library="SeleniumLibrary">
<arg>https://www.rahulshettyacademy.com/loginpagePractise/</arg>
<doc>Navigates the current browser window to the provided ``url``.</doc>
<msg timestamp="20211108 20:01:21.052" level="INFO">Opening url 'https://www.rahulshettyacademy.com/loginpagePractise/'</msg>
<status status="PASS" starttime="20211108 20:01:21.052" endtime="20211108 20:01:22.037"/>
</kw>
<status status="PASS" starttime="20211108 20:01:19.175" endtime="20211108 20:01:22.037"/>
</kw>
<kw name="Fill the Login Details and Login Form">
<kw name="Input Text" library="SeleniumLibrary">
<arg>id:username</arg>
<arg>${user_name}</arg>
<doc>Types the given ``text`` into the text field identified by ``locator``.</doc>
<msg timestamp="20211108 20:01:22.040" level="INFO">Typing text 'rahulshettyacademy' into text field 'id:username'.</msg>
<status status="PASS" starttime="20211108 20:01:22.039" endtime="20211108 20:01:22.305"/>
</kw>
<kw name="Input Password" library="SeleniumLibrary">
<arg>id:password</arg>
<arg>${invalid_password}</arg>
<doc>Types the given password into the text field identified by ``locator``.</doc>
<msg timestamp="20211108 20:01:22.306" level="INFO">Typing password into text field 'id:password'.</msg>
<msg timestamp="20211108 20:01:22.405" level="INFO">Temporally setting log level to: NONE</msg>
<msg timestamp="20211108 20:01:22.485" level="INFO">Log level changed from NONE to INFO.</msg>
<status status="PASS" starttime="20211108 20:01:22.305" endtime="20211108 20:01:22.485"/>
</kw>
<kw name="Click Element" library="SeleniumLibrary">
<arg>css:input[value='user']</arg>
<doc>Click the element identified by ``locator``.</doc>
<msg timestamp="20211108 20:01:22.485" level="INFO">Clicking element 'css:input[value='user']'.</msg>
<status status="PASS" starttime="20211108 20:01:22.485" endtime="20211108 20:01:22.614"/>
</kw>
<kw name="Wait Until Element Is Visible" library="SeleniumLibrary">
<arg>css:.modal-body</arg>
<doc>Waits until the element ``locator`` is visible.</doc>
<status status="PASS" starttime="20211108 20:01:22.615" endtime="20211108 20:01:22.970"/>
</kw>
<kw name="Click Button" library="SeleniumLibrary">
<arg>id:okayBtn</arg>
<doc>Clicks the button identified by ``locator``.</doc>
<msg timestamp="20211108 20:01:22.970" level="INFO">Clicking button 'id:okayBtn'.</msg>
<status status="PASS" starttime="20211108 20:01:22.970" endtime="20211108 20:01:23.092"/>
</kw>
<kw name="Click Button" library="SeleniumLibrary">
<arg>id:okayBtn</arg>
<doc>Clicks the button identified by ``locator``.</doc>
<msg timestamp="20211108 20:01:23.092" level="INFO">Clicking button 'id:okayBtn'.</msg>
<status status="PASS" starttime="20211108 20:01:23.092" endtime="20211108 20:01:23.170"/>
</kw>
<kw name="Select From List By Value" library="SeleniumLibrary">
<arg>css:select.form-control</arg>
<arg>teach</arg>
<doc>Selects options from selection list ``locator`` by ``values``.</doc>
<msg timestamp="20211108 20:01:23.170" level="INFO">Selecting options from selection list 'css:select.form-control' by value teach.</msg>
<status status="PASS" starttime="20211108 20:01:23.170" endtime="20211108 20:01:23.271"/>
</kw>
<kw name="Select Checkbox" library="SeleniumLibrary">
<arg>terms</arg>
<doc>Selects the checkbox identified by ``locator``.</doc>
<msg timestamp="20211108 20:01:23.271" level="INFO">Selecting checkbox 'terms'.</msg>
<kw name="Capture Page Screenshot" library="SeleniumLibrary">
<doc>Takes a screenshot of the current page and embeds it into a log file.</doc>
<msg timestamp="20211108 20:01:24.662" level="INFO" html="true">&lt;/td&gt;&lt;/tr&gt;&lt;tr&gt;&lt;td colspan="3"&gt;&lt;a href="selenium-screenshot-5.png"&gt;&lt;img src="selenium-screenshot-5.png" width="800px"&gt;&lt;/a&gt;</msg>
<status status="PASS" starttime="20211108 20:01:24.358" endtime="20211108 20:01:24.663"/>
</kw>
<msg timestamp="20211108 20:01:24.734" level="FAIL">ElementClickInterceptedException: Message: element click intercepted: Element &lt;input id="terms" name="terms" type="checkbox"&gt; is not clickable at point (324, 500). Other element would receive the click: &lt;div id="myModal" class="modal fade show" style="padding-right: 17px; display: block;"&gt;...&lt;/div&gt;
  (Session info: chrome=95.0.4638.69)
Stacktrace:
Backtrace:
	Ordinal0 [0x010106F3+2492147]
	Ordinal0 [0x00FA9BD1+2071505]
	Ordinal0 [0x00EB2478+1057912]
	Ordinal0 [0x00EE29F9+1255929]
	Ordinal0 [0x00EE0D34+1248564]
	Ordinal0 [0x00EDEAFD+1239805]
	Ordinal0 [0x00EDD958+1235288]
	Ordinal0 [0x00ED3647+1193543]
	Ordinal0 [0x00EF57C3+1333187]
	Ordinal0 [0x00ED3466+1193062]
	Ordinal0 [0x00EF58AA+1333418]
	Ordinal0 [0x00F04F38+1396536]
	Ordinal0 [0x00EF568B+1332875]
	Ordinal0 [0x00ED21D4+1188308]
	Ordinal0 [0x00ED302F+1191983]
	GetHandleVerifier [0x011967A6+1545030]
	GetHandleVerifier [0x0124105C+2243580]
	GetHandleVerifier [0x0109BC97+518199]
	GetHandleVerifier [0x0109AD80+514336]
	Ordinal0 [0x00FAED2D+2092333]
	Ordinal0 [0x00FB2EE8+2109160]
	Ordinal0 [0x00FB3022+2109474]
	Ordinal0 [0x00FBCB71+2149233]
	BaseThreadInitThunk [0x76F1FA29+25]
	RtlGetAppContainerNamedObjectPath [0x77067A9E+286]
	RtlGetAppContainerNamedObjectPath [0x77067A6E+238]
</msg>
<status status="FAIL" starttime="20211108 20:01:23.271" endtime="20211108 20:01:24.734"/>
</kw>
<kw name="Checkbox Should Be Selected" library="SeleniumLibrary">
<arg>terms</arg>
<doc>Verifies checkbox ``locator`` is selected/checked.</doc>
<status status="NOT RUN" starttime="20211108 20:01:24.735" endtime="20211108 20:01:24.736"/>
</kw>
<status status="FAIL" starttime="20211108 20:01:22.038" endtime="20211108 20:01:24.737"/>
</kw>
<status status="FAIL" starttime="20211108 20:01:19.175" endtime="20211108 20:01:24.738">ElementClickInterceptedException: Message: element click intercepted: Element &lt;input id="terms" name="terms" type="checkbox"&gt; is not clickable at point (324, 500). Other element would receive the click: &lt;div id="myModal" class="modal fade show" style="padding-right: 17px; display: block;"&gt;...&lt;/div&gt;
  (Session info: chrome=95.0.4638.69)
Stacktrace:
Backtrace:
	Ordinal0 [0x010106F3+2492147]
	Ordinal0 [0x00FA9BD1+2071505]
	Ordinal0 [0x00EB2478+1057912]
	Ordinal0 [0x00EE29F9+1255929]
	Ordinal0 [0x00EE0D34+1248564]
	Ordinal0 [0x00EDEAFD+1239805]
	Ordinal0 [0x00EDD958+1235288]
	Ordinal0 [0x00ED3647+1193543]
	Ordinal0 [0x00EF57C3+1333187]
	Ordinal0 [0x00ED3466+1193062]
	Ordinal0 [0x00EF58AA+1333418]
	Ordinal0 [0x00F04F38+1396536]
	Ordinal0 [0x00EF568B+1332875]
	Ordinal0 [0x00ED21D4+1188308]
	Ordinal0 [0x00ED302F+1191983]
	GetHandleVerifier [0x011967A6+1545030]
	GetHandleVerifier [0x0124105C+2243580]
	GetHandleVerifier [0x0109BC97+518199]
	GetHandleVerifier [0x0109AD80+514336]
	Ordinal0 [0x00FAED2D+2092333]
	Ordinal0 [0x00FB2EE8+2109160]
	Ordinal0 [0x00FB3022+2109474]
	Ordinal0 [0x00FBCB71+2149233]
	BaseThreadInitThunk [0x76F1FA29+25]
	RtlGetAppContainerNamedObjectPath [0x77067A9E+286]
	RtlGetAppContainerNamedObjectPath [0x77067A6E+238]
</status>
</test>
<doc>To validate the Login form</doc>
<status status="FAIL" starttime="20211108 20:01:09.678" endtime="20211108 20:01:24.744"/>
</suite>
<statistics>
<total>
<stat pass="0" fail="2" skip="0">All Tests</stat>
</total>
<tag>
</tag>
<suite>
<stat pass="0" fail="2" skip="0" id="s1" name="testDemo5">testDemo5</stat>
</suite>
</statistics>
<errors>
<msg timestamp="20211108 20:01:10.048" level="ERROR">Error in file 'C:\Users\rafal\PycharmProjects\RobotFramework\tests\testDemo5.robot' on line 5: Test library '..\customLibraries\Shop.py' does not exist.</msg>
</errors>
</robot>
